<?xml version="1.0" encoding="UTF-8"?>
<testng-results ignored="0" total="4" passed="4" failed="0" skipped="0">
  <reporter-output>
  </reporter-output>
  <suite started-at="2024-10-01T10:18:34 IST" name="Suite" finished-at="2024-10-01T10:18:35 IST" duration-ms="80">
    <groups>
      <group name="updateInCreditCard">
        <method signature="Payment.creaditCard()[pri:0, instance:ecomm.Payment@6150c3ec]" name="creaditCard" class="ecomm.Payment"/>
        <method signature="Product.addToCart()[pri:0, instance:ecomm.Product@44c03695]" name="addToCart" class="ecomm.Product"/>
        <method signature="Product.searchProduct()[pri:0, instance:ecomm.Product@44c03695]" name="searchProduct" class="ecomm.Product"/>
        <method signature="User.login()[pri:0, instance:ecomm.User@5b12b668]" name="login" class="ecomm.User"/>
      </group> <!-- updateInCreditCard -->
    </groups>
    <test started-at="2024-10-01T10:18:34 IST" name="Test" finished-at="2024-10-01T10:18:35 IST" duration-ms="80">
      <class name="ecomm.Product">
        <test-method signature="addToCart()[pri:0, instance:ecomm.Product@44c03695]" started-at="2024-10-01T10:18:35 IST" name="addToCart" finished-at="2024-10-01T10:18:35 IST" duration-ms="2" status="PASS">
          <reporter-output>
          </reporter-output>
        </test-method> <!-- addToCart -->
        <test-method signature="searchProduct()[pri:0, instance:ecomm.Product@44c03695]" started-at="2024-10-01T10:18:35 IST" name="searchProduct" finished-at="2024-10-01T10:18:35 IST" duration-ms="2" status="PASS">
          <reporter-output>
          </reporter-output>
        </test-method> <!-- searchProduct -->
      </class> <!-- ecomm.Product -->
      <class name="ecomm.User">
        <test-method signature="login()[pri:0, instance:ecomm.User@5b12b668]" started-at="2024-10-01T10:18:35 IST" name="login" finished-at="2024-10-01T10:18:35 IST" duration-ms="13" status="PASS">
          <reporter-output>
          </reporter-output>
        </test-method> <!-- login -->
      </class> <!-- ecomm.User -->
      <class name="ecomm.Payment">
        <test-method signature="creaditCard()[pri:0, instance:ecomm.Payment@6150c3ec]" started-at="2024-10-01T10:18:35 IST" name="creaditCard" finished-at="2024-10-01T10:18:35 IST" duration-ms="2" status="PASS">
          <reporter-output>
          </reporter-output>
        </test-method> <!-- creaditCard -->
      </class> <!-- ecomm.Payment -->
    </test> <!-- Test -->
  </suite> <!-- Suite -->
</testng-results>
