<?xml version="1.0" encoding="UTF-8"?>
<testng-results ignored="0" total="3" passed="3" failed="0" skipped="0">
  <reporter-output>
  </reporter-output>
  <suite started-at="2024-10-03T10:05:15 IST" name="Suite" finished-at="2024-10-03T10:05:25 IST" duration-ms="10419">
    <groups>
    </groups>
    <test started-at="2024-10-03T10:05:15 IST" name="Test1" finished-at="2024-10-03T10:05:17 IST" duration-ms="2119">
      <class name="crossBrowser.BrowserTest">
        <test-method signature="loginTest(java.lang.String)[pri:0, instance:crossBrowser.BrowserTest@34e9fd99]" started-at="2024-10-03T10:05:15 IST" name="loginTest" finished-at="2024-10-03T10:05:17 IST" duration-ms="2068" status="PASS">
          <params>
            <param index="0">
              <value>
                <![CDATA[chrome]]>
              </value>
            </param>
          </params>
          <reporter-output>
          </reporter-output>
        </test-method> <!-- loginTest -->
      </class> <!-- crossBrowser.BrowserTest -->
    </test> <!-- Test1 -->
    <test started-at="2024-10-03T10:05:17 IST" name="Test2" finished-at="2024-10-03T10:05:20 IST" duration-ms="3130">
      <class name="crossBrowser.BrowserTest">
        <test-method signature="loginTest(java.lang.String)[pri:0, instance:crossBrowser.BrowserTest@23348b5d]" started-at="2024-10-03T10:05:17 IST" name="loginTest" finished-at="2024-10-03T10:05:20 IST" duration-ms="3126" status="PASS">
          <params>
            <param index="0">
              <value>
                <![CDATA[edge]]>
              </value>
            </param>
          </params>
          <reporter-output>
          </reporter-output>
        </test-method> <!-- loginTest -->
      </class> <!-- crossBrowser.BrowserTest -->
    </test> <!-- Test2 -->
    <test started-at="2024-10-03T10:05:20 IST" name="Test3" finished-at="2024-10-03T10:05:25 IST" duration-ms="5105">
      <class name="crossBrowser.BrowserTest">
        <test-method signature="loginTest(java.lang.String)[pri:0, instance:crossBrowser.BrowserTest@37ceb1df]" started-at="2024-10-03T10:05:20 IST" name="loginTest" finished-at="2024-10-03T10:05:25 IST" duration-ms="5101" status="PASS">
          <params>
            <param index="0">
              <value>
                <![CDATA[ff]]>
              </value>
            </param>
          </params>
          <reporter-output>
          </reporter-output>
        </test-method> <!-- loginTest -->
      </class> <!-- crossBrowser.BrowserTest -->
    </test> <!-- Test3 -->
  </suite> <!-- Suite -->
</testng-results>
