<?xml version="1.0" encoding="UTF-8"?>
<!-- Generated by org.testng.reporters.JUnitXMLReporter -->
<testsuite ignored="5" hostname="DESKTOP-S4VQME9" failures="0" tests="1" name="Default test" time="0.062" errors="0" timestamp="2024-10-01T10:15:52 IST">
  <testcase classname="ecomm.Product" name="addToCart" time="0.017"/>
  <testcase classname="ecomm.Product" name="uploadProduct" time="0.0">
    <ignored/>
  </testcase> <!-- uploadProduct -->
  <testcase classname="ecomm.Product" name="manageProduct" time="0.0">
    <ignored/>
  </testcase> <!-- manageProduct -->
  <testcase classname="ecomm.Product" name="deleteProduct" time="0.0">
    <ignored/>
  </testcase> <!-- deleteProduct -->
  <testcase classname="ecomm.Product" name="searchProduct" time="0.0">
    <ignored/>
  </testcase> <!-- searchProduct -->
  <testcase classname="ecomm.Product" name="addToWishList" time="0.0">
    <ignored/>
  </testcase> <!-- addToWishList -->
</testsuite> <!-- Default test -->
