<?xml version="1.0" encoding="UTF-8"?>
<!-- Generated by org.testng.reporters.JUnitXMLReporter -->
<testsuite ignored="0" hostname="DESKTOP-S4VQME9" failures="0" tests="5" name="Default test" time="0.082" errors="0" timestamp="2024-10-03T09:40:08 IST">
  <testcase classname="dependency.User" name="changePassword" time="0.012"/>
  <testcase classname="dependency.User" name="createAccount" time="0.002"/>
  <testcase classname="dependency.User" name="login" time="0.002"/>
  <testcase classname="dependency.User" name="logout" time="0.002"/>
  <testcase classname="dependency.User" name="profile" time="0.001"/>
</testsuite> <!-- Default test -->
