<?xml version="1.0" encoding="UTF-8"?>
<!-- Generated by org.testng.reporters.JUnitXMLReporter -->
<testsuite ignored="16" hostname="DESKTOP-S4VQME9" failures="0" tests="4" name="Test" time="0.08" errors="0" timestamp="2024-10-01T10:18:35 IST">
  <testcase classname="ecomm.User" name="login" time="0.013"/>
  <testcase classname="ecomm.Payment" name="creaditCard" time="0.002"/>
  <testcase classname="ecomm.Product" name="addToCart" time="0.002"/>
  <testcase classname="ecomm.Product" name="searchProduct" time="0.002"/>
  <testcase classname="ecomm.Payment" name="debittCard" time="0.0">
    <ignored/>
  </testcase> <!-- debittCard -->
  <testcase classname="ecomm.Payment" name="COD" time="0.0">
    <ignored/>
  </testcase> <!-- COD -->
  <testcase classname="ecomm.Product" name="addToWishList" time="0.0">
    <ignored/>
  </testcase> <!-- addToWishList -->
  <testcase classname="ecomm.User" name="logout" time="0.0">
    <ignored/>
  </testcase> <!-- logout -->
  <testcase classname="ecomm.User" name="profile" time="0.0">
    <ignored/>
  </testcase> <!-- profile -->
  <testcase classname="ecomm.User" name="createAccount" time="0.0">
    <ignored/>
  </testcase> <!-- createAccount -->
  <testcase classname="ecomm.Seller" name="createAccount" time="0.0">
    <ignored/>
  </testcase> <!-- createAccount -->
  <testcase classname="ecomm.Product" name="deleteProduct" time="0.0">
    <ignored/>
  </testcase> <!-- deleteProduct -->
  <testcase classname="ecomm.User" name="changePassword" time="0.0">
    <ignored/>
  </testcase> <!-- changePassword -->
  <testcase classname="ecomm.Seller" name="logout" time="0.0">
    <ignored/>
  </testcase> <!-- logout -->
  <testcase classname="ecomm.Payment" name="UPI" time="0.0">
    <ignored/>
  </testcase> <!-- UPI -->
  <testcase classname="ecomm.Seller" name="login" time="0.0">
    <ignored/>
  </testcase> <!-- login -->
  <testcase classname="ecomm.Seller" name="profile" time="0.0">
    <ignored/>
  </testcase> <!-- profile -->
  <testcase classname="ecomm.Product" name="uploadProduct" time="0.0">
    <ignored/>
  </testcase> <!-- uploadProduct -->
  <testcase classname="ecomm.Seller" name="changePassword" time="0.0">
    <ignored/>
  </testcase> <!-- changePassword -->
  <testcase classname="ecomm.Product" name="manageProduct" time="0.0">
    <ignored/>
  </testcase> <!-- manageProduct -->
</testsuite> <!-- Test -->
